{"/Users/luciano/Projects/cobbler/config/server/index.js": {"path":"/Users/luciano/Projects/cobbler/config/server/index.js","statementMap":{"0":{"start":{"line":3,"column":13},"end":{"line":3,"column":26}},"1":{"start":{"line":4,"column":14},"end":{"line":4,"column":46}},"2":{"start":{"line":6,"column":0},"end":{"line":9,"column":2}},"3":{"start":{"line":12,"column":2},"end":{"line":12,"column":34}}},"fnMap":{"0":{"name":"resolvePort","decl":{"start":{"line":11,"column":9},"end":{"line":11,"column":20}},"loc":{"start":{"line":11,"column":23},"end":{"line":13,"column":1}},"line":11}},"branchMap":{"0":{"loc":{"start":{"line":12,"column":9},"end":{"line":12,"column":33}},"type":"binary-expr","locations":[{"start":{"line":12,"column":9},"end":{"line":12,"column":25}},{"start":{"line":12,"column":29},"end":{"line":12,"column":33}}],"line":12}},"s":{"0":6,"1":6,"2":6,"3":6},"f":{"0":6},"b":{"0":[6,0]},"_coverageSchema":"1a1c01bbd47fc00a2c39e90264f33305004495a9","hash":"41d6a7df5792ffeb9f74f8142dd3bc6b8c59fbe2"}
,"/Users/luciano/Projects/cobbler/server/auth/auth.controller.js": {"path":"/Users/luciano/Projects/cobbler/server/auth/auth.controller.js","statementMap":{"0":{"start":{"line":4,"column":16},"end":{"line":4,"column":34}},"1":{"start":{"line":5,"column":2},"end":{"line":5,"column":28}},"2":{"start":{"line":8,"column":0},"end":{"line":10,"column":2}}},"fnMap":{"0":{"name":"login","decl":{"start":{"line":3,"column":9},"end":{"line":3,"column":14}},"loc":{"start":{"line":3,"column":30},"end":{"line":6,"column":1}},"line":3}},"branchMap":{},"s":{"0":1,"1":1,"2":1},"f":{"0":1},"b":{},"_coverageSchema":"1a1c01bbd47fc00a2c39e90264f33305004495a9","hash":"532863e1947e83287d67b7b54f6cafd809a1904b"}
,"/Users/luciano/Projects/cobbler/server/category/category.controller.js": {"path":"/Users/luciano/Projects/cobbler/server/category/category.controller.js","statementMap":{"0":{"start":{"line":3,"column":21},"end":{"line":3,"column":50}},"1":{"start":{"line":4,"column":15},"end":{"line":4,"column":43}},"2":{"start":{"line":6,"column":0},"end":{"line":8,"column":2}},"3":{"start":{"line":11,"column":19},"end":{"line":11,"column":59}},"4":{"start":{"line":12,"column":2},"end":{"line":12,"column":42}},"5":{"start":{"line":16,"column":21},"end":{"line":16,"column":45}},"6":{"start":{"line":17,"column":2},"end":{"line":17,"column":51}}},"fnMap":{"0":{"name":"create","decl":{"start":{"line":10,"column":15},"end":{"line":10,"column":21}},"loc":{"start":{"line":10,"column":32},"end":{"line":13,"column":1}},"line":10},"1":{"name":"getAll","decl":{"start":{"line":15,"column":15},"end":{"line":15,"column":21}},"loc":{"start":{"line":15,"column":32},"end":{"line":18,"column":1}},"line":15}},"branchMap":{},"s":{"0":1,"1":1,"2":1,"3":1,"4":1,"5":1,"6":1},"f":{"0":1,"1":1},"b":{},"_coverageSchema":"1a1c01bbd47fc00a2c39e90264f33305004495a9","hash":"0b79cd05f8f881f8955e3bbc1c867f0eeb4a6eeb"}
,"/Users/luciano/Projects/cobbler/server/category/category.model.js": {"path":"/Users/luciano/Projects/cobbler/server/category/category.model.js","statementMap":{"0":{"start":{"line":3,"column":18},"end":{"line":3,"column":38}},"1":{"start":{"line":7,"column":4},"end":{"line":22,"column":6}},"2":{"start":{"line":26,"column":4},"end":{"line":30,"column":6}},"3":{"start":{"line":34,"column":4},"end":{"line":37,"column":7}},"4":{"start":{"line":41,"column":0},"end":{"line":41,"column":26}}},"fnMap":{"0":{"name":"(anonymous_0)","decl":{"start":{"line":6,"column":2},"end":{"line":6,"column":3}},"loc":{"start":{"line":6,"column":34},"end":{"line":23,"column":3}},"line":6},"1":{"name":"(anonymous_1)","decl":{"start":{"line":25,"column":2},"end":{"line":25,"column":3}},"loc":{"start":{"line":25,"column":19},"end":{"line":31,"column":3}},"line":25},"2":{"name":"(anonymous_2)","decl":{"start":{"line":33,"column":2},"end":{"line":33,"column":3}},"loc":{"start":{"line":33,"column":31},"end":{"line":38,"column":3}},"line":33}},"branchMap":{},"s":{"0":6,"1":6,"2":6,"3":6,"4":6},"f":{"0":6,"1":6,"2":6},"b":{},"_coverageSchema":"1a1c01bbd47fc00a2c39e90264f33305004495a9","hash":"8e7119eac84d26e732a9230f1aa02abb597dec9e"}
,"/Users/luciano/Projects/cobbler/server/course/course.controller.js": {"path":"/Users/luciano/Projects/cobbler/server/course/course.controller.js","statementMap":{"0":{"start":{"line":3,"column":48},"end":{"line":3,"column":76}},"1":{"start":{"line":4,"column":55},"end":{"line":4,"column":84}},"2":{"start":{"line":5,"column":22},"end":{"line":5,"column":48}},"3":{"start":{"line":6,"column":16},"end":{"line":6,"column":41}},"4":{"start":{"line":7,"column":20},"end":{"line":7,"column":40}},"5":{"start":{"line":8,"column":28},"end":{"line":8,"column":68}},"6":{"start":{"line":10,"column":0},"end":{"line":15,"column":2}},"7":{"start":{"line":18,"column":2},"end":{"line":22,"column":5}},"8":{"start":{"line":19,"column":19},"end":{"line":19,"column":74}},"9":{"start":{"line":20,"column":23},"end":{"line":20,"column":70}},"10":{"start":{"line":21,"column":4},"end":{"line":21,"column":70}},"11":{"start":{"line":26,"column":34},"end":{"line":26,"column":43}},"12":{"start":{"line":27,"column":17},"end":{"line":27,"column":76}},"13":{"start":{"line":28,"column":17},"end":{"line":28,"column":25}},"14":{"start":{"line":29,"column":2},"end":{"line":29,"column":72}},"15":{"start":{"line":29,"column":24},"end":{"line":29,"column":72}},"16":{"start":{"line":31,"column":16},"end":{"line":43,"column":3}},"17":{"start":{"line":44,"column":18},"end":{"line":44,"column":89}},"18":{"start":{"line":45,"column":2},"end":{"line":45,"column":48}},"19":{"start":{"line":49,"column":17},"end":{"line":49,"column":27}},"20":{"start":{"line":51,"column":2},"end":{"line":53,"column":3}},"21":{"start":{"line":52,"column":4},"end":{"line":52,"column":59}},"22":{"start":{"line":54,"column":17},"end":{"line":71,"column":4}},"23":{"start":{"line":72,"column":2},"end":{"line":72,"column":69}},"24":{"start":{"line":72,"column":15},"end":{"line":72,"column":69}},"25":{"start":{"line":73,"column":2},"end":{"line":73,"column":36}},"26":{"start":{"line":77,"column":38},"end":{"line":85,"column":3}},"27":{"start":{"line":86,"column":2},"end":{"line":86,"column":77}},"28":{"start":{"line":86,"column":18},"end":{"line":86,"column":77}},"29":{"start":{"line":87,"column":2},"end":{"line":87,"column":60}}},"fnMap":{"0":{"name":"create","decl":{"start":{"line":17,"column":9},"end":{"line":17,"column":15}},"loc":{"start":{"line":17,"column":26},"end":{"line":23,"column":1}},"line":17},"1":{"name":"(anonymous_1)","decl":{"start":{"line":18,"column":31},"end":{"line":18,"column":32}},"loc":{"start":{"line":18,"column":52},"end":{"line":22,"column":3}},"line":18},"2":{"name":"getAll","decl":{"start":{"line":25,"column":15},"end":{"line":25,"column":21}},"loc":{"start":{"line":25,"column":32},"end":{"line":46,"column":1}},"line":25},"3":{"name":"getCourseById","decl":{"start":{"line":48,"column":15},"end":{"line":48,"column":28}},"loc":{"start":{"line":48,"column":39},"end":{"line":74,"column":1}},"line":48},"4":{"name":"update","decl":{"start":{"line":76,"column":15},"end":{"line":76,"column":21}},"loc":{"start":{"line":76,"column":32},"end":{"line":88,"column":1}},"line":76}},"branchMap":{"0":{"loc":{"start":{"line":29,"column":2},"end":{"line":29,"column":72}},"type":"if","locations":[{"start":{"line":29,"column":2},"end":{"line":29,"column":72}},{"start":{"line":29,"column":2},"end":{"line":29,"column":72}}],"line":29},"1":{"loc":{"start":{"line":51,"column":2},"end":{"line":53,"column":3}},"type":"if","locations":[{"start":{"line":51,"column":2},"end":{"line":53,"column":3}},{"start":{"line":51,"column":2},"end":{"line":53,"column":3}}],"line":51},"2":{"loc":{"start":{"line":72,"column":2},"end":{"line":72,"column":69}},"type":"if","locations":[{"start":{"line":72,"column":2},"end":{"line":72,"column":69}},{"start":{"line":72,"column":2},"end":{"line":72,"column":69}}],"line":72},"3":{"loc":{"start":{"line":86,"column":2},"end":{"line":86,"column":77}},"type":"if","locations":[{"start":{"line":86,"column":2},"end":{"line":86,"column":77}},{"start":{"line":86,"column":2},"end":{"line":86,"column":77}}],"line":86}},"s":{"0":1,"1":1,"2":1,"3":1,"4":1,"5":1,"6":1,"7":1,"8":1,"9":1,"10":1,"11":2,"12":2,"13":2,"14":2,"15":1,"16":1,"17":1,"18":1,"19":3,"20":3,"21":1,"22":2,"23":2,"24":1,"25":1,"26":2,"27":2,"28":1,"29":1},"f":{"0":1,"1":1,"2":2,"3":3,"4":2},"b":{"0":[1,1],"1":[1,2],"2":[1,1],"3":[1,1]},"_coverageSchema":"1a1c01bbd47fc00a2c39e90264f33305004495a9","hash":"9537ee8227b2b9d6c73028f38e75d34a3f29a241"}
,"/Users/luciano/Projects/cobbler/server/course/course.model.js": {"path":"/Users/luciano/Projects/cobbler/server/course/course.model.js","statementMap":{"0":{"start":{"line":3,"column":27},"end":{"line":3,"column":47}},"1":{"start":{"line":4,"column":16},"end":{"line":4,"column":43}},"2":{"start":{"line":8,"column":4},"end":{"line":41,"column":6}},"3":{"start":{"line":38,"column":10},"end":{"line":38,"column":61}},"4":{"start":{"line":45,"column":4},"end":{"line":48,"column":7}},"5":{"start":{"line":49,"column":4},"end":{"line":53,"column":7}},"6":{"start":{"line":54,"column":4},"end":{"line":57,"column":7}},"7":{"start":{"line":58,"column":4},"end":{"line":58,"column":58}},"8":{"start":{"line":62,"column":4},"end":{"line":66,"column":6}},"9":{"start":{"line":70,"column":44},"end":{"line":70,"column":68}},"10":{"start":{"line":72,"column":4},"end":{"line":87,"column":6}},"11":{"start":{"line":74,"column":33},"end":{"line":78,"column":57}},"12":{"start":{"line":79,"column":8},"end":{"line":84,"column":10}},"13":{"start":{"line":91,"column":0},"end":{"line":91,"column":24}}},"fnMap":{"0":{"name":"(anonymous_0)","decl":{"start":{"line":7,"column":2},"end":{"line":7,"column":3}},"loc":{"start":{"line":7,"column":58},"end":{"line":42,"column":3}},"line":7},"1":{"name":"(anonymous_1)","decl":{"start":{"line":37,"column":8},"end":{"line":37,"column":9}},"loc":{"start":{"line":37,"column":14},"end":{"line":39,"column":9}},"line":37},"2":{"name":"(anonymous_2)","decl":{"start":{"line":44,"column":2},"end":{"line":44,"column":3}},"loc":{"start":{"line":44,"column":60},"end":{"line":59,"column":3}},"line":44},"3":{"name":"(anonymous_3)","decl":{"start":{"line":61,"column":2},"end":{"line":61,"column":3}},"loc":{"start":{"line":61,"column":19},"end":{"line":67,"column":3}},"line":61},"4":{"name":"(anonymous_4)","decl":{"start":{"line":69,"column":2},"end":{"line":69,"column":3}},"loc":{"start":{"line":69,"column":32},"end":{"line":88,"column":3}},"line":69},"5":{"name":"(anonymous_5)","decl":{"start":{"line":73,"column":40},"end":{"line":73,"column":41}},"loc":{"start":{"line":73,"column":46},"end":{"line":85,"column":7}},"line":73}},"branchMap":{},"s":{"0":6,"1":6,"2":6,"3":0,"4":6,"5":6,"6":6,"7":6,"8":6,"9":6,"10":6,"11":0,"12":0,"13":6},"f":{"0":6,"1":0,"2":6,"3":6,"4":6,"5":0},"b":{},"_coverageSchema":"1a1c01bbd47fc00a2c39e90264f33305004495a9","hash":"21d7640fadba465c6152bee97789bb8ad72f0e35"}
,"/Users/luciano/Projects/cobbler/server/enrollment/enrollment.controller.js": {"path":"/Users/luciano/Projects/cobbler/server/enrollment/enrollment.controller.js","statementMap":{"0":{"start":{"line":3,"column":31},"end":{"line":3,"column":59}},"1":{"start":{"line":4,"column":19},"end":{"line":4,"column":48}},"2":{"start":{"line":6,"column":0},"end":{"line":6,"column":28}},"3":{"start":{"line":9,"column":23},"end":{"line":9,"column":31}},"4":{"start":{"line":10,"column":17},"end":{"line":10,"column":48}},"5":{"start":{"line":11,"column":2},"end":{"line":11,"column":81}},"6":{"start":{"line":11,"column":25},"end":{"line":11,"column":81}},"7":{"start":{"line":12,"column":2},"end":{"line":12,"column":33}},"8":{"start":{"line":13,"column":2},"end":{"line":13,"column":59}}},"fnMap":{"0":{"name":"create","decl":{"start":{"line":8,"column":15},"end":{"line":8,"column":21}},"loc":{"start":{"line":8,"column":32},"end":{"line":14,"column":1}},"line":8}},"branchMap":{"0":{"loc":{"start":{"line":11,"column":2},"end":{"line":11,"column":81}},"type":"if","locations":[{"start":{"line":11,"column":2},"end":{"line":11,"column":81}},{"start":{"line":11,"column":2},"end":{"line":11,"column":81}}],"line":11}},"s":{"0":1,"1":1,"2":1,"3":2,"4":2,"5":2,"6":1,"7":1,"8":1},"f":{"0":2},"b":{"0":[1,1]},"_coverageSchema":"1a1c01bbd47fc00a2c39e90264f33305004495a9","hash":"0562de988200de2042eaefc15aaf701a4fde1902"}
,"/Users/luciano/Projects/cobbler/server/enrollment/enrollment.model.js": {"path":"/Users/luciano/Projects/cobbler/server/enrollment/enrollment.model.js","statementMap":{"0":{"start":{"line":3,"column":18},"end":{"line":3,"column":38}},"1":{"start":{"line":7,"column":4},"end":{"line":25,"column":6}},"2":{"start":{"line":29,"column":4},"end":{"line":33,"column":6}},"3":{"start":{"line":37,"column":4},"end":{"line":40,"column":7}},"4":{"start":{"line":41,"column":4},"end":{"line":44,"column":7}},"5":{"start":{"line":48,"column":0},"end":{"line":48,"column":28}}},"fnMap":{"0":{"name":"(anonymous_0)","decl":{"start":{"line":6,"column":2},"end":{"line":6,"column":3}},"loc":{"start":{"line":6,"column":35},"end":{"line":26,"column":3}},"line":6},"1":{"name":"(anonymous_1)","decl":{"start":{"line":28,"column":2},"end":{"line":28,"column":3}},"loc":{"start":{"line":28,"column":19},"end":{"line":34,"column":3}},"line":28},"2":{"name":"(anonymous_2)","decl":{"start":{"line":36,"column":2},"end":{"line":36,"column":3}},"loc":{"start":{"line":36,"column":37},"end":{"line":45,"column":3}},"line":36}},"branchMap":{},"s":{"0":6,"1":6,"2":6,"3":6,"4":6,"5":6},"f":{"0":6,"1":6,"2":6},"b":{},"_coverageSchema":"1a1c01bbd47fc00a2c39e90264f33305004495a9","hash":"b40c8a99e3d098b7b641948cde2f3a5db1414a06"}
,"/Users/luciano/Projects/cobbler/server/lecture/lecture.controller.js": {"path":"/Users/luciano/Projects/cobbler/server/lecture/lecture.controller.js","statementMap":{"0":{"start":{"line":3,"column":24},"end":{"line":3,"column":52}},"1":{"start":{"line":4,"column":20},"end":{"line":4,"column":49}},"2":{"start":{"line":6,"column":0},"end":{"line":8,"column":2}},"3":{"start":{"line":11,"column":18},"end":{"line":11,"column":57}},"4":{"start":{"line":12,"column":2},"end":{"line":12,"column":53}},"5":{"start":{"line":16,"column":19},"end":{"line":20,"column":4}},"6":{"start":{"line":21,"column":2},"end":{"line":21,"column":49}}},"fnMap":{"0":{"name":"create","decl":{"start":{"line":10,"column":15},"end":{"line":10,"column":21}},"loc":{"start":{"line":10,"column":32},"end":{"line":13,"column":1}},"line":10},"1":{"name":"getByCourseId","decl":{"start":{"line":15,"column":15},"end":{"line":15,"column":28}},"loc":{"start":{"line":15,"column":39},"end":{"line":22,"column":1}},"line":15}},"branchMap":{},"s":{"0":1,"1":1,"2":1,"3":1,"4":1,"5":1,"6":1},"f":{"0":1,"1":1},"b":{},"_coverageSchema":"1a1c01bbd47fc00a2c39e90264f33305004495a9","hash":"4128e5180eb3896a9ded4a3af83a78b725e192c5"}
,"/Users/luciano/Projects/cobbler/server/lecture/lecture.model.js": {"path":"/Users/luciano/Projects/cobbler/server/lecture/lecture.model.js","statementMap":{"0":{"start":{"line":3,"column":18},"end":{"line":3,"column":38}},"1":{"start":{"line":7,"column":4},"end":{"line":31,"column":6}},"2":{"start":{"line":35,"column":4},"end":{"line":38,"column":7}},"3":{"start":{"line":42,"column":4},"end":{"line":45,"column":6}},"4":{"start":{"line":49,"column":0},"end":{"line":49,"column":25}}},"fnMap":{"0":{"name":"(anonymous_0)","decl":{"start":{"line":6,"column":2},"end":{"line":6,"column":3}},"loc":{"start":{"line":6,"column":49},"end":{"line":32,"column":3}},"line":6},"1":{"name":"(anonymous_1)","decl":{"start":{"line":34,"column":2},"end":{"line":34,"column":3}},"loc":{"start":{"line":34,"column":31},"end":{"line":39,"column":3}},"line":34},"2":{"name":"(anonymous_2)","decl":{"start":{"line":41,"column":2},"end":{"line":41,"column":3}},"loc":{"start":{"line":41,"column":19},"end":{"line":46,"column":3}},"line":41}},"branchMap":{},"s":{"0":6,"1":6,"2":6,"3":6,"4":6},"f":{"0":6,"1":6,"2":6},"b":{},"_coverageSchema":"1a1c01bbd47fc00a2c39e90264f33305004495a9","hash":"cefb2aa04e12b76d483281f2c427bbf52bdceaef"}
,"/Users/luciano/Projects/cobbler/server/shared/logger.js": {"path":"/Users/luciano/Projects/cobbler/server/shared/logger.js","statementMap":{"0":{"start":{"line":3,"column":45},"end":{"line":3,"column":63}},"1":{"start":{"line":4,"column":50},"end":{"line":4,"column":56}},"2":{"start":{"line":5,"column":17},"end":{"line":5,"column":34}},"3":{"start":{"line":7,"column":15},"end":{"line":12,"column":1}},"4":{"start":{"line":14,"column":18},"end":{"line":28,"column":1}},"5":{"start":{"line":25,"column":40},"end":{"line":27,"column":30}},"6":{"start":{"line":30,"column":15},"end":{"line":37,"column":2}},"7":{"start":{"line":40,"column":40},"end":{"line":40,"column":50}},"8":{"start":{"line":41,"column":24},"end":{"line":49,"column":3}},"9":{"start":{"line":50,"column":2},"end":{"line":50,"column":35}},"10":{"start":{"line":51,"column":2},"end":{"line":51,"column":9}},"11":{"start":{"line":54,"column":0},"end":{"line":54,"column":43}}},"fnMap":{"0":{"name":"(anonymous_0)","decl":{"start":{"line":25,"column":9},"end":{"line":25,"column":10}},"loc":{"start":{"line":25,"column":40},"end":{"line":27,"column":30}},"line":25},"1":{"name":"requestLogger","decl":{"start":{"line":39,"column":9},"end":{"line":39,"column":22}},"loc":{"start":{"line":39,"column":85},"end":{"line":52,"column":1}},"line":39}},"branchMap":{"0":{"loc":{"start":{"line":25,"column":40},"end":{"line":27,"column":30}},"type":"cond-expr","locations":[{"start":{"line":26,"column":6},"end":{"line":26,"column":28}},{"start":{"line":27,"column":6},"end":{"line":27,"column":30}}],"line":25},"1":{"loc":{"start":{"line":32,"column":9},"end":{"line":32,"column":65}},"type":"cond-expr","locations":[{"start":{"line":32,"column":49},"end":{"line":32,"column":55}},{"start":{"line":32,"column":58},"end":{"line":32,"column":65}}],"line":32},"2":{"loc":{"start":{"line":43,"column":9},"end":{"line":43,"column":27}},"type":"binary-expr","locations":[{"start":{"line":43,"column":9},"end":{"line":43,"column":20}},{"start":{"line":43,"column":24},"end":{"line":43,"column":27}}],"line":43},"3":{"loc":{"start":{"line":44,"column":13},"end":{"line":46,"column":15}},"type":"cond-expr","locations":[{"start":{"line":45,"column":8},"end":{"line":45,"column":38}},{"start":{"line":46,"column":8},"end":{"line":46,"column":15}}],"line":44}},"s":{"0":7,"1":7,"2":7,"3":7,"4":7,"5":0,"6":7,"7":0,"8":0,"9":0,"10":0,"11":7},"f":{"0":0,"1":0},"b":{"0":[0,0],"1":[0,7],"2":[0,0],"3":[0,0]},"_coverageSchema":"1a1c01bbd47fc00a2c39e90264f33305004495a9","hash":"bd2c032c1b6f374235d137631736ded592f865b8"}
,"/Users/luciano/Projects/cobbler/server/shared/database/config.js": {"path":"/Users/luciano/Projects/cobbler/server/shared/database/config.js","statementMap":{"0":{"start":{"line":3,"column":19},"end":{"line":3,"column":39}},"1":{"start":{"line":14,"column":4},"end":{"line":14,"column":15}},"2":{"start":{"line":16,"column":0},"end":{"line":20,"column":2}},"3":{"start":{"line":19,"column":18},"end":{"line":19,"column":35}},"4":{"start":{"line":23,"column":2},"end":{"line":23,"column":49}},"5":{"start":{"line":23,"column":20},"end":{"line":23,"column":49}},"6":{"start":{"line":25,"column":2},"end":{"line":27,"column":3}},"7":{"start":{"line":26,"column":4},"end":{"line":26,"column":72}},"8":{"start":{"line":29,"column":2},"end":{"line":36,"column":4}}},"fnMap":{"0":{"name":"(anonymous_0)","decl":{"start":{"line":19,"column":11},"end":{"line":19,"column":12}},"loc":{"start":{"line":19,"column":18},"end":{"line":19,"column":35}},"line":19},"1":{"name":"readConfig","decl":{"start":{"line":22,"column":9},"end":{"line":22,"column":19}},"loc":{"start":{"line":22,"column":22},"end":{"line":37,"column":1}},"line":22}},"branchMap":{"0":{"loc":{"start":{"line":23,"column":2},"end":{"line":23,"column":49}},"type":"if","locations":[{"start":{"line":23,"column":2},"end":{"line":23,"column":49}},{"start":{"line":23,"column":2},"end":{"line":23,"column":49}}],"line":23},"1":{"loc":{"start":{"line":25,"column":2},"end":{"line":27,"column":3}},"type":"if","locations":[{"start":{"line":25,"column":2},"end":{"line":27,"column":3}},{"start":{"line":25,"column":2},"end":{"line":27,"column":3}}],"line":25},"2":{"loc":{"start":{"line":25,"column":6},"end":{"line":25,"column":37}},"type":"binary-expr","locations":[{"start":{"line":25,"column":6},"end":{"line":25,"column":20}},{"start":{"line":25,"column":24},"end":{"line":25,"column":37}}],"line":25},"3":{"loc":{"start":{"line":35,"column":13},"end":{"line":35,"column":43}},"type":"binary-expr","locations":[{"start":{"line":35,"column":13},"end":{"line":35,"column":29}},{"start":{"line":35,"column":33},"end":{"line":35,"column":43}}],"line":35}},"s":{"0":6,"1":6,"2":6,"3":0,"4":6,"5":6,"6":0,"7":0,"8":0},"f":{"0":0,"1":6},"b":{"0":[6,0],"1":[0,0],"2":[0,0],"3":[0,0]},"_coverageSchema":"1a1c01bbd47fc00a2c39e90264f33305004495a9","hash":"9314e9fc0f2bb0cb4c0b0b416973096473dc2178"}
,"/Users/luciano/Projects/cobbler/server/shared/database/index.js": {"path":"/Users/luciano/Projects/cobbler/server/shared/database/index.js","statementMap":{"0":{"start":{"line":3,"column":15},"end":{"line":3,"column":34}},"1":{"start":{"line":4,"column":15},"end":{"line":4,"column":39}},"2":{"start":{"line":5,"column":19},"end":{"line":5,"column":39}},"3":{"start":{"line":6,"column":13},"end":{"line":6,"column":28}},"4":{"start":{"line":7,"column":22},"end":{"line":7,"column":42}},"5":{"start":{"line":8,"column":14},"end":{"line":8,"column":30}},"6":{"start":{"line":12,"column":13},"end":{"line":12,"column":45}},"7":{"start":{"line":13,"column":17},"end":{"line":13,"column":57}},"8":{"start":{"line":14,"column":15},"end":{"line":14,"column":51}},"9":{"start":{"line":15,"column":19},"end":{"line":15,"column":63}},"10":{"start":{"line":16,"column":16},"end":{"line":16,"column":54}},"11":{"start":{"line":19,"column":18},"end":{"line":19,"column":51}},"12":{"start":{"line":22,"column":16},"end":{"line":34,"column":4}},"13":{"start":{"line":36,"column":2},"end":{"line":40,"column":65}},"14":{"start":{"line":38,"column":16},"end":{"line":38,"column":26}},"15":{"start":{"line":39,"column":16},"end":{"line":39,"column":49}},"16":{"start":{"line":40,"column":18},"end":{"line":40,"column":63}},"17":{"start":{"line":43,"column":15},"end":{"line":49,"column":1}},"18":{"start":{"line":52,"column":24},"end":{"line":52,"column":44}},"19":{"start":{"line":53,"column":17},"end":{"line":53,"column":69}},"20":{"start":{"line":54,"column":18},"end":{"line":54,"column":48}},"21":{"start":{"line":55,"column":2},"end":{"line":55,"column":52}},"22":{"start":{"line":56,"column":2},"end":{"line":56,"column":37}},"23":{"start":{"line":59,"column":0},"end":{"line":62,"column":3}},"24":{"start":{"line":60,"column":2},"end":{"line":60,"column":37}},"25":{"start":{"line":61,"column":2},"end":{"line":61,"column":34}},"26":{"start":{"line":64,"column":11},"end":{"line":69,"column":1}},"27":{"start":{"line":71,"column":0},"end":{"line":71,"column":61}},"28":{"start":{"line":71,"column":26},"end":{"line":71,"column":60}},"29":{"start":{"line":73,"column":0},"end":{"line":73,"column":20}}},"fnMap":{"0":{"name":"initialize","decl":{"start":{"line":21,"column":9},"end":{"line":21,"column":19}},"loc":{"start":{"line":21,"column":22},"end":{"line":41,"column":1}},"line":21},"1":{"name":"(anonymous_1)","decl":{"start":{"line":38,"column":10},"end":{"line":38,"column":11}},"loc":{"start":{"line":38,"column":16},"end":{"line":38,"column":26}},"line":38},"2":{"name":"(anonymous_2)","decl":{"start":{"line":39,"column":10},"end":{"line":39,"column":11}},"loc":{"start":{"line":39,"column":16},"end":{"line":39,"column":49}},"line":39},"3":{"name":"(anonymous_3)","decl":{"start":{"line":40,"column":11},"end":{"line":40,"column":12}},"loc":{"start":{"line":40,"column":18},"end":{"line":40,"column":63}},"line":40},"4":{"name":"defineModel","decl":{"start":{"line":51,"column":9},"end":{"line":51,"column":20}},"loc":{"start":{"line":51,"column":52},"end":{"line":57,"column":1}},"line":51},"5":{"name":"(anonymous_5)","decl":{"start":{"line":59,"column":30},"end":{"line":59,"column":31}},"loc":{"start":{"line":59,"column":39},"end":{"line":62,"column":1}},"line":59},"6":{"name":"(anonymous_6)","decl":{"start":{"line":71,"column":18},"end":{"line":71,"column":19}},"loc":{"start":{"line":71,"column":26},"end":{"line":71,"column":60}},"line":71}},"branchMap":{"0":{"loc":{"start":{"line":51,"column":28},"end":{"line":51,"column":50}},"type":"default-arg","locations":[{"start":{"line":51,"column":41},"end":{"line":51,"column":50}}],"line":51},"1":{"loc":{"start":{"line":53,"column":17},"end":{"line":53,"column":69}},"type":"binary-expr","locations":[{"start":{"line":53,"column":17},"end":{"line":53,"column":63}},{"start":{"line":53,"column":67},"end":{"line":53,"column":69}}],"line":53},"2":{"loc":{"start":{"line":54,"column":18},"end":{"line":54,"column":48}},"type":"binary-expr","locations":[{"start":{"line":54,"column":18},"end":{"line":54,"column":42}},{"start":{"line":54,"column":46},"end":{"line":54,"column":48}}],"line":54},"3":{"loc":{"start":{"line":71,"column":26},"end":{"line":71,"column":60}},"type":"binary-expr","locations":[{"start":{"line":71,"column":26},"end":{"line":71,"column":48}},{"start":{"line":71,"column":52},"end":{"line":71,"column":60}}],"line":71}},"s":{"0":6,"1":6,"2":6,"3":6,"4":6,"5":6,"6":6,"7":6,"8":6,"9":6,"10":6,"11":6,"12":0,"13":0,"14":0,"15":0,"16":0,"17":6,"18":30,"19":30,"20":30,"21":30,"22":30,"23":6,"24":30,"25":30,"26":6,"27":6,"28":0,"29":6},"f":{"0":0,"1":0,"2":0,"3":0,"4":30,"5":30,"6":0},"b":{"0":[30],"1":[30,0],"2":[30,0],"3":[0,0]},"_coverageSchema":"1a1c01bbd47fc00a2c39e90264f33305004495a9","hash":"750af9497a0dc0a4703ce0f2b70130f1ed27cf3f"}
,"/Users/luciano/Projects/cobbler/server/shared/error/index.js": {"path":"/Users/luciano/Projects/cobbler/server/shared/error/index.js","statementMap":{"0":{"start":{"line":5,"column":4},"end":{"line":5,"column":19}},"1":{"start":{"line":6,"column":4},"end":{"line":6,"column":28}},"2":{"start":{"line":7,"column":4},"end":{"line":7,"column":25}},"3":{"start":{"line":8,"column":4},"end":{"line":8,"column":45}},"4":{"start":{"line":12,"column":0},"end":{"line":12,"column":31}}},"fnMap":{"0":{"name":"(anonymous_0)","decl":{"start":{"line":4,"column":2},"end":{"line":4,"column":3}},"loc":{"start":{"line":4,"column":31},"end":{"line":9,"column":3}},"line":4}},"branchMap":{},"s":{"0":1,"1":1,"2":1,"3":1,"4":1},"f":{"0":1},"b":{},"_coverageSchema":"1a1c01bbd47fc00a2c39e90264f33305004495a9","hash":"5abbf3e7f7970f9758a286b2c07fbbec25b74027"}
,"/Users/luciano/Projects/cobbler/server/shared/user-resources/resource.controller.js": {"path":"/Users/luciano/Projects/cobbler/server/shared/user-resources/resource.controller.js","statementMap":{"0":{"start":{"line":3,"column":35},"end":{"line":3,"column":57}},"1":{"start":{"line":5,"column":0},"end":{"line":8,"column":2}},"2":{"start":{"line":11,"column":20},"end":{"line":11,"column":28}},"3":{"start":{"line":12,"column":17},"end":{"line":28,"column":4}},"4":{"start":{"line":29,"column":2},"end":{"line":29,"column":29}},"5":{"start":{"line":33,"column":20},"end":{"line":33,"column":28}},"6":{"start":{"line":34,"column":17},"end":{"line":34,"column":27}},"7":{"start":{"line":35,"column":17},"end":{"line":43,"column":4}},"8":{"start":{"line":44,"column":2},"end":{"line":44,"column":35}}},"fnMap":{"0":{"name":"getCoursesByUser","decl":{"start":{"line":10,"column":15},"end":{"line":10,"column":31}},"loc":{"start":{"line":10,"column":42},"end":{"line":30,"column":1}},"line":10},"1":{"name":"isEnrolled","decl":{"start":{"line":32,"column":15},"end":{"line":32,"column":25}},"loc":{"start":{"line":32,"column":36},"end":{"line":45,"column":1}},"line":32}},"branchMap":{},"s":{"0":1,"1":1,"2":2,"3":2,"4":1,"5":1,"6":1,"7":1,"8":1},"f":{"0":2,"1":1},"b":{},"_coverageSchema":"1a1c01bbd47fc00a2c39e90264f33305004495a9","hash":"a06a1836a0db75c811b0dbacb092bfb9a6f01668"}
,"/Users/luciano/Projects/cobbler/server/shared/util/apiQueryParser.js": {"path":"/Users/luciano/Projects/cobbler/server/shared/util/apiQueryParser.js","statementMap":{"0":{"start":{"line":3,"column":15},"end":{"line":3,"column":35}},"1":{"start":{"line":5,"column":15},"end":{"line":5,"column":24}},"2":{"start":{"line":7,"column":0},"end":{"line":7,"column":40}},"3":{"start":{"line":7,"column":24},"end":{"line":7,"column":38}},"4":{"start":{"line":8,"column":0},"end":{"line":8,"column":61}},"5":{"start":{"line":8,"column":28},"end":{"line":8,"column":58}},"6":{"start":{"line":9,"column":0},"end":{"line":9,"column":44}},"7":{"start":{"line":9,"column":25},"end":{"line":9,"column":41}},"8":{"start":{"line":10,"column":0},"end":{"line":10,"column":44}},"9":{"start":{"line":10,"column":25},"end":{"line":10,"column":41}},"10":{"start":{"line":11,"column":0},"end":{"line":11,"column":46}},"11":{"start":{"line":11,"column":26},"end":{"line":11,"column":43}},"12":{"start":{"line":12,"column":0},"end":{"line":12,"column":46}},"13":{"start":{"line":12,"column":26},"end":{"line":12,"column":43}},"14":{"start":{"line":13,"column":0},"end":{"line":13,"column":44}},"15":{"start":{"line":13,"column":25},"end":{"line":13,"column":41}},"16":{"start":{"line":14,"column":0},"end":{"line":14,"column":44}},"17":{"start":{"line":14,"column":25},"end":{"line":14,"column":41}},"18":{"start":{"line":15,"column":0},"end":{"line":15,"column":54}},"19":{"start":{"line":15,"column":25},"end":{"line":15,"column":51}},"20":{"start":{"line":17,"column":23},"end":{"line":26,"column":1}},"21":{"start":{"line":18,"column":18},"end":{"line":18,"column":20}},"22":{"start":{"line":19,"column":38},"end":{"line":19,"column":47}},"23":{"start":{"line":20,"column":2},"end":{"line":23,"column":7}},"24":{"start":{"line":22,"column":6},"end":{"line":22,"column":47}},"25":{"start":{"line":24,"column":2},"end":{"line":24,"column":57}},"26":{"start":{"line":25,"column":2},"end":{"line":25,"column":9}},"27":{"start":{"line":28,"column":0},"end":{"line":28,"column":53}},"28":{"start":{"line":31,"column":34},"end":{"line":31,"column":48}},"29":{"start":{"line":32,"column":20},"end":{"line":32,"column":46}},"30":{"start":{"line":33,"column":2},"end":{"line":33,"column":44}},"31":{"start":{"line":37,"column":17},"end":{"line":37,"column":19}},"32":{"start":{"line":38,"column":26},"end":{"line":38,"column":52}},"33":{"start":{"line":39,"column":29},"end":{"line":39,"column":49}},"34":{"start":{"line":40,"column":2},"end":{"line":43,"column":5}},"35":{"start":{"line":41,"column":4},"end":{"line":41,"column":45}},"36":{"start":{"line":41,"column":38},"end":{"line":41,"column":45}},"37":{"start":{"line":42,"column":4},"end":{"line":42,"column":71}},"38":{"start":{"line":44,"column":2},"end":{"line":44,"column":16}}},"fnMap":{"0":{"name":"(anonymous_0)","decl":{"start":{"line":7,"column":17},"end":{"line":7,"column":18}},"loc":{"start":{"line":7,"column":24},"end":{"line":7,"column":38}},"line":7},"1":{"name":"(anonymous_1)","decl":{"start":{"line":8,"column":20},"end":{"line":8,"column":21}},"loc":{"start":{"line":8,"column":28},"end":{"line":8,"column":58}},"line":8},"2":{"name":"(anonymous_2)","decl":{"start":{"line":9,"column":17},"end":{"line":9,"column":18}},"loc":{"start":{"line":9,"column":25},"end":{"line":9,"column":41}},"line":9},"3":{"name":"(anonymous_3)","decl":{"start":{"line":10,"column":17},"end":{"line":10,"column":18}},"loc":{"start":{"line":10,"column":25},"end":{"line":10,"column":41}},"line":10},"4":{"name":"(anonymous_4)","decl":{"start":{"line":11,"column":18},"end":{"line":11,"column":19}},"loc":{"start":{"line":11,"column":26},"end":{"line":11,"column":43}},"line":11},"5":{"name":"(anonymous_5)","decl":{"start":{"line":12,"column":18},"end":{"line":12,"column":19}},"loc":{"start":{"line":12,"column":26},"end":{"line":12,"column":43}},"line":12},"6":{"name":"(anonymous_6)","decl":{"start":{"line":13,"column":17},"end":{"line":13,"column":18}},"loc":{"start":{"line":13,"column":25},"end":{"line":13,"column":41}},"line":13},"7":{"name":"(anonymous_7)","decl":{"start":{"line":14,"column":17},"end":{"line":14,"column":18}},"loc":{"start":{"line":14,"column":25},"end":{"line":14,"column":41}},"line":14},"8":{"name":"(anonymous_8)","decl":{"start":{"line":15,"column":17},"end":{"line":15,"column":18}},"loc":{"start":{"line":15,"column":25},"end":{"line":15,"column":51}},"line":15},"9":{"name":"(anonymous_9)","decl":{"start":{"line":17,"column":23},"end":{"line":17,"column":24}},"loc":{"start":{"line":17,"column":43},"end":{"line":26,"column":1}},"line":17},"10":{"name":"(anonymous_10)","decl":{"start":{"line":21,"column":13},"end":{"line":21,"column":14}},"loc":{"start":{"line":21,"column":38},"end":{"line":23,"column":5}},"line":21},"11":{"name":"parseFilter","decl":{"start":{"line":30,"column":9},"end":{"line":30,"column":20}},"loc":{"start":{"line":30,"column":26},"end":{"line":34,"column":1}},"line":30},"12":{"name":"validateFilters","decl":{"start":{"line":36,"column":9},"end":{"line":36,"column":24}},"loc":{"start":{"line":36,"column":65},"end":{"line":45,"column":1}},"line":36},"13":{"name":"(anonymous_13)","decl":{"start":{"line":40,"column":29},"end":{"line":40,"column":30}},"loc":{"start":{"line":40,"column":35},"end":{"line":43,"column":3}},"line":40}},"branchMap":{"0":{"loc":{"start":{"line":33,"column":9},"end":{"line":33,"column":43}},"type":"cond-expr","locations":[{"start":{"line":33,"column":21},"end":{"line":33,"column":37}},{"start":{"line":33,"column":40},"end":{"line":33,"column":43}}],"line":33},"1":{"loc":{"start":{"line":36,"column":25},"end":{"line":36,"column":37}},"type":"default-arg","locations":[{"start":{"line":36,"column":35},"end":{"line":36,"column":37}}],"line":36},"2":{"loc":{"start":{"line":41,"column":4},"end":{"line":41,"column":45}},"type":"if","locations":[{"start":{"line":41,"column":4},"end":{"line":41,"column":45}},{"start":{"line":41,"column":4},"end":{"line":41,"column":45}}],"line":41}},"s":{"0":2,"1":2,"2":2,"3":0,"4":2,"5":0,"6":2,"7":0,"8":2,"9":0,"10":2,"11":0,"12":2,"13":0,"14":2,"15":0,"16":2,"17":0,"18":2,"19":1,"20":2,"21":1,"22":1,"23":1,"24":1,"25":1,"26":1,"27":2,"28":1,"29":1,"30":1,"31":3,"32":3,"33":3,"34":3,"35":2,"36":0,"37":2,"38":3},"f":{"0":0,"1":0,"2":0,"3":0,"4":0,"5":0,"6":0,"7":0,"8":1,"9":1,"10":1,"11":1,"12":3,"13":2},"b":{"0":[1,0],"1":[1],"2":[0,2]},"_coverageSchema":"1a1c01bbd47fc00a2c39e90264f33305004495a9","hash":"2c9335df4badaf95ac65e109167b846ab922864d"}
,"/Users/luciano/Projects/cobbler/server/shared/util/bodyValidatorFactory.js": {"path":"/Users/luciano/Projects/cobbler/server/shared/util/bodyValidatorFactory.js","statementMap":{"0":{"start":{"line":7,"column":4},"end":{"line":7,"column":26}},"1":{"start":{"line":9,"column":24},"end":{"line":9,"column":52}},"2":{"start":{"line":12,"column":2},"end":{"line":21,"column":4}},"3":{"start":{"line":13,"column":4},"end":{"line":20,"column":5}},"4":{"start":{"line":14,"column":19},"end":{"line":14,"column":51}},"5":{"start":{"line":15,"column":6},"end":{"line":15,"column":27}},"6":{"start":{"line":16,"column":6},"end":{"line":16,"column":31}},"7":{"start":{"line":17,"column":6},"end":{"line":17,"column":20}},"8":{"start":{"line":19,"column":6},"end":{"line":19,"column":66}},"9":{"start":{"line":24,"column":0},"end":{"line":24,"column":41}}},"fnMap":{"0":{"name":"reqBodyValidatorFactory","decl":{"start":{"line":11,"column":9},"end":{"line":11,"column":32}},"loc":{"start":{"line":11,"column":41},"end":{"line":22,"column":1}},"line":11},"1":{"name":"(anonymous_1)","decl":{"start":{"line":12,"column":9},"end":{"line":12,"column":10}},"loc":{"start":{"line":12,"column":35},"end":{"line":21,"column":3}},"line":12}},"branchMap":{},"s":{"0":1,"1":1,"2":2,"3":2,"4":2,"5":1,"6":1,"7":1,"8":1,"9":1},"f":{"0":2,"1":2},"b":{},"_coverageSchema":"1a1c01bbd47fc00a2c39e90264f33305004495a9","hash":"f6a4cc1e1b42fbd755dcc1ad02f93f3d55ccd594"}
,"/Users/luciano/Projects/cobbler/server/shared/util/isValidEmail.js": {"path":"/Users/luciano/Projects/cobbler/server/shared/util/isValidEmail.js","statementMap":{"0":{"start":{"line":4,"column":13},"end":{"line":4,"column":164}},"1":{"start":{"line":5,"column":2},"end":{"line":5,"column":46}},"2":{"start":{"line":8,"column":0},"end":{"line":8,"column":30}}},"fnMap":{"0":{"name":"isValidEmail","decl":{"start":{"line":3,"column":9},"end":{"line":3,"column":21}},"loc":{"start":{"line":3,"column":29},"end":{"line":6,"column":1}},"line":3}},"branchMap":{},"s":{"0":5,"1":5,"2":1},"f":{"0":5},"b":{},"_coverageSchema":"1a1c01bbd47fc00a2c39e90264f33305004495a9","hash":"550cacb4f2615a341d410e0a20e4bd7ff876ee67"}
,"/Users/luciano/Projects/cobbler/server/shared/util/middlewares.js": {"path":"/Users/luciano/Projects/cobbler/server/shared/util/middlewares.js","statementMap":{"0":{"start":{"line":3,"column":34},"end":{"line":3,"column":62}},"1":{"start":{"line":4,"column":19},"end":{"line":4,"column":39}},"2":{"start":{"line":7,"column":2},"end":{"line":7,"column":20}},"3":{"start":{"line":8,"column":2},"end":{"line":8,"column":77}},"4":{"start":{"line":8,"column":18},"end":{"line":8,"column":77}},"5":{"start":{"line":9,"column":2},"end":{"line":9,"column":65}},"6":{"start":{"line":12,"column":0},"end":{"line":12,"column":34}}},"fnMap":{"0":{"name":"errorHandler","decl":{"start":{"line":6,"column":9},"end":{"line":6,"column":21}},"loc":{"start":{"line":6,"column":43},"end":{"line":10,"column":1}},"line":6}},"branchMap":{"0":{"loc":{"start":{"line":8,"column":2},"end":{"line":8,"column":77}},"type":"if","locations":[{"start":{"line":8,"column":2},"end":{"line":8,"column":77}},{"start":{"line":8,"column":2},"end":{"line":8,"column":77}}],"line":8}},"s":{"0":1,"1":1,"2":2,"3":2,"4":1,"5":1,"6":1},"f":{"0":2},"b":{"0":[1,1]},"_coverageSchema":"1a1c01bbd47fc00a2c39e90264f33305004495a9","hash":"f2272ffebd68758a3e1f793fb631074e094864ac"}
,"/Users/luciano/Projects/cobbler/server/user/user.controller.js": {"path":"/Users/luciano/Projects/cobbler/server/user/user.controller.js","statementMap":{"0":{"start":{"line":3,"column":15},"end":{"line":3,"column":32}},"1":{"start":{"line":4,"column":15},"end":{"line":4,"column":43}},"2":{"start":{"line":5,"column":17},"end":{"line":5,"column":46}},"3":{"start":{"line":7,"column":0},"end":{"line":9,"column":2}},"4":{"start":{"line":12,"column":19},"end":{"line":12,"column":66}},"5":{"start":{"line":13,"column":15},"end":{"line":13,"column":49}},"6":{"start":{"line":14,"column":15},"end":{"line":14,"column":38}},"7":{"start":{"line":15,"column":2},"end":{"line":15,"column":45}}},"fnMap":{"0":{"name":"create","decl":{"start":{"line":11,"column":15},"end":{"line":11,"column":21}},"loc":{"start":{"line":11,"column":32},"end":{"line":16,"column":1}},"line":11}},"branchMap":{},"s":{"0":1,"1":1,"2":1,"3":1,"4":1,"5":1,"6":1,"7":1},"f":{"0":1},"b":{},"_coverageSchema":"1a1c01bbd47fc00a2c39e90264f33305004495a9","hash":"e7c356310f2f5bb12c7303476257e94dcf6fb832"}
,"/Users/luciano/Projects/cobbler/server/user/user.model.js": {"path":"/Users/luciano/Projects/cobbler/server/user/user.model.js","statementMap":{"0":{"start":{"line":3,"column":15},"end":{"line":3,"column":32}},"1":{"start":{"line":4,"column":12},"end":{"line":4,"column":35}},"2":{"start":{"line":5,"column":18},"end":{"line":5,"column":38}},"3":{"start":{"line":6,"column":18},"end":{"line":6,"column":48}},"4":{"start":{"line":10,"column":4},"end":{"line":50,"column":6}},"5":{"start":{"line":22,"column":10},"end":{"line":22,"column":58}},"6":{"start":{"line":54,"column":4},"end":{"line":58,"column":6}},"7":{"start":{"line":62,"column":4},"end":{"line":67,"column":9}},"8":{"start":{"line":68,"column":4},"end":{"line":68,"column":56}},"9":{"start":{"line":72,"column":4},"end":{"line":72,"column":58}},"10":{"start":{"line":76,"column":20},"end":{"line":76,"column":39}},"11":{"start":{"line":77,"column":20},"end":{"line":77,"column":56}},"12":{"start":{"line":78,"column":4},"end":{"line":78,"column":62}},"13":{"start":{"line":82,"column":0},"end":{"line":82,"column":22}}},"fnMap":{"0":{"name":"(anonymous_0)","decl":{"start":{"line":9,"column":2},"end":{"line":9,"column":3}},"loc":{"start":{"line":9,"column":46},"end":{"line":51,"column":3}},"line":9},"1":{"name":"(anonymous_1)","decl":{"start":{"line":21,"column":8},"end":{"line":21,"column":9}},"loc":{"start":{"line":21,"column":19},"end":{"line":23,"column":9}},"line":21},"2":{"name":"(anonymous_2)","decl":{"start":{"line":53,"column":2},"end":{"line":53,"column":3}},"loc":{"start":{"line":53,"column":19},"end":{"line":59,"column":3}},"line":53},"3":{"name":"(anonymous_3)","decl":{"start":{"line":61,"column":2},"end":{"line":61,"column":3}},"loc":{"start":{"line":61,"column":43},"end":{"line":69,"column":3}},"line":61},"4":{"name":"(anonymous_4)","decl":{"start":{"line":71,"column":2},"end":{"line":71,"column":3}},"loc":{"start":{"line":71,"column":33},"end":{"line":73,"column":3}},"line":71},"5":{"name":"(anonymous_5)","decl":{"start":{"line":75,"column":2},"end":{"line":75,"column":3}},"loc":{"start":{"line":75,"column":16},"end":{"line":79,"column":3}},"line":75}},"branchMap":{},"s":{"0":6,"1":6,"2":6,"3":6,"4":6,"5":0,"6":6,"7":6,"8":6,"9":0,"10":0,"11":0,"12":0,"13":6},"f":{"0":6,"1":0,"2":6,"3":6,"4":0,"5":0},"b":{},"_coverageSchema":"1a1c01bbd47fc00a2c39e90264f33305004495a9","hash":"8d77f6d8ea3ff34a5ded2c8d095c170e39c371e4"}
}
