TN:
SF:config/server/index.js
FN:11,resolvePort
FNF:1
FNH:1
FNDA:6,resolvePort
DA:3,6
DA:4,6
DA:6,6
DA:12,6
LF:4
LH:4
BRDA:12,0,0,6
BRDA:12,0,1,0
BRF:2
BRH:1
end_of_record
TN:
SF:server/auth/auth.controller.js
FN:3,login
FNF:1
FNH:1
FNDA:1,login
DA:4,1
DA:5,1
DA:8,1
LF:3
LH:3
BRF:0
BRH:0
end_of_record
TN:
SF:server/category/category.controller.js
FN:10,create
FN:15,getAll
FNF:2
FNH:2
FNDA:1,create
FNDA:1,getAll
DA:3,1
DA:4,1
DA:6,1
DA:11,1
DA:12,1
DA:16,1
DA:17,1
LF:7
LH:7
BRF:0
BRH:0
end_of_record
TN:
SF:server/category/category.model.js
FN:6,(anonymous_0)
FN:25,(anonymous_1)
FN:33,(anonymous_2)
FNF:3
FNH:3
FNDA:6,(anonymous_0)
FNDA:6,(anonymous_1)
FNDA:6,(anonymous_2)
DA:3,6
DA:7,6
DA:26,6
DA:34,6
DA:41,6
LF:5
LH:5
BRF:0
BRH:0
end_of_record
TN:
SF:server/course/course.controller.js
FN:17,create
FN:18,(anonymous_1)
FN:25,getAll
FN:48,getCourseById
FN:76,update
FNF:5
FNH:5
FNDA:1,create
FNDA:1,(anonymous_1)
FNDA:2,getAll
FNDA:3,getCourseById
FNDA:2,update
DA:3,1
DA:4,1
DA:5,1
DA:6,1
DA:7,1
DA:8,1
DA:10,1
DA:18,1
DA:19,1
DA:20,1
DA:21,1
DA:26,2
DA:27,2
DA:28,2
DA:29,2
DA:31,1
DA:44,1
DA:45,1
DA:49,3
DA:51,3
DA:52,1
DA:54,2
DA:72,2
DA:73,1
DA:77,2
DA:86,2
DA:87,1
LF:27
LH:27
BRDA:29,0,0,1
BRDA:29,0,1,1
BRDA:51,1,0,1
BRDA:51,1,1,2
BRDA:72,2,0,1
BRDA:72,2,1,1
BRDA:86,3,0,1
BRDA:86,3,1,1
BRF:8
BRH:8
end_of_record
TN:
SF:server/course/course.model.js
FN:7,(anonymous_0)
FN:37,(anonymous_1)
FN:44,(anonymous_2)
FN:61,(anonymous_3)
FN:69,(anonymous_4)
FN:73,(anonymous_5)
FNF:6
FNH:4
FNDA:6,(anonymous_0)
FNDA:0,(anonymous_1)
FNDA:6,(anonymous_2)
FNDA:6,(anonymous_3)
FNDA:6,(anonymous_4)
FNDA:0,(anonymous_5)
DA:3,6
DA:4,6
DA:8,6
DA:38,0
DA:45,6
DA:49,6
DA:54,6
DA:58,6
DA:62,6
DA:70,6
DA:72,6
DA:74,0
DA:79,0
DA:91,6
LF:14
LH:11
BRF:0
BRH:0
end_of_record
TN:
SF:server/enrollment/enrollment.controller.js
FN:8,create
FNF:1
FNH:1
FNDA:2,create
DA:3,1
DA:4,1
DA:6,1
DA:9,2
DA:10,2
DA:11,2
DA:12,1
DA:13,1
LF:8
LH:8
BRDA:11,0,0,1
BRDA:11,0,1,1
BRF:2
BRH:2
end_of_record
TN:
SF:server/enrollment/enrollment.model.js
FN:6,(anonymous_0)
FN:28,(anonymous_1)
FN:36,(anonymous_2)
FNF:3
FNH:3
FNDA:6,(anonymous_0)
FNDA:6,(anonymous_1)
FNDA:6,(anonymous_2)
DA:3,6
DA:7,6
DA:29,6
DA:37,6
DA:41,6
DA:48,6
LF:6
LH:6
BRF:0
BRH:0
end_of_record
TN:
SF:server/lecture/lecture.controller.js
FN:10,create
FN:15,getByCourseId
FNF:2
FNH:2
FNDA:1,create
FNDA:1,getByCourseId
DA:3,1
DA:4,1
DA:6,1
DA:11,1
DA:12,1
DA:16,1
DA:21,1
LF:7
LH:7
BRF:0
BRH:0
end_of_record
TN:
SF:server/lecture/lecture.model.js
FN:6,(anonymous_0)
FN:34,(anonymous_1)
FN:41,(anonymous_2)
FNF:3
FNH:3
FNDA:6,(anonymous_0)
FNDA:6,(anonymous_1)
FNDA:6,(anonymous_2)
DA:3,6
DA:7,6
DA:35,6
DA:42,6
DA:49,6
LF:5
LH:5
BRF:0
BRH:0
end_of_record
TN:
SF:server/shared/logger.js
FN:25,(anonymous_0)
FN:39,requestLogger
FNF:2
FNH:0
FNDA:0,(anonymous_0)
FNDA:0,requestLogger
DA:3,7
DA:4,7
DA:5,7
DA:7,7
DA:14,7
DA:25,0
DA:30,7
DA:40,0
DA:41,0
DA:50,0
DA:51,0
DA:54,7
LF:12
LH:7
BRDA:25,0,0,0
BRDA:25,0,1,0
BRDA:32,1,0,0
BRDA:32,1,1,7
BRDA:43,2,0,0
BRDA:43,2,1,0
BRDA:44,3,0,0
BRDA:44,3,1,0
BRF:8
BRH:1
end_of_record
TN:
SF:server/shared/database/config.js
FN:19,(anonymous_0)
FN:22,readConfig
FNF:2
FNH:1
FNDA:0,(anonymous_0)
FNDA:6,readConfig
DA:3,6
DA:14,6
DA:16,6
DA:19,0
DA:23,6
DA:25,0
DA:26,0
DA:29,0
LF:8
LH:4
BRDA:23,0,0,6
BRDA:23,0,1,0
BRDA:25,1,0,0
BRDA:25,1,1,0
BRDA:25,2,0,0
BRDA:25,2,1,0
BRDA:35,3,0,0
BRDA:35,3,1,0
BRF:8
BRH:1
end_of_record
TN:
SF:server/shared/database/index.js
FN:21,initialize
FN:38,(anonymous_1)
FN:39,(anonymous_2)
FN:40,(anonymous_3)
FN:51,defineModel
FN:59,(anonymous_5)
FN:71,(anonymous_6)
FNF:7
FNH:2
FNDA:0,initialize
FNDA:0,(anonymous_1)
FNDA:0,(anonymous_2)
FNDA:0,(anonymous_3)
FNDA:30,defineModel
FNDA:30,(anonymous_5)
FNDA:0,(anonymous_6)
DA:3,6
DA:4,6
DA:5,6
DA:6,6
DA:7,6
DA:8,6
DA:12,6
DA:13,6
DA:14,6
DA:15,6
DA:16,6
DA:19,6
DA:22,0
DA:36,0
DA:38,0
DA:39,0
DA:40,0
DA:43,6
DA:52,30
DA:53,30
DA:54,30
DA:55,30
DA:56,30
DA:59,6
DA:60,30
DA:61,30
DA:64,6
DA:71,6
DA:73,6
LF:29
LH:24
BRDA:51,0,0,30
BRDA:53,1,0,30
BRDA:53,1,1,0
BRDA:54,2,0,30
BRDA:54,2,1,0
BRDA:71,3,0,0
BRDA:71,3,1,0
BRF:7
BRH:3
end_of_record
TN:
SF:server/shared/error/index.js
FN:4,(anonymous_0)
FNF:1
FNH:1
FNDA:1,(anonymous_0)
DA:5,1
DA:6,1
DA:7,1
DA:8,1
DA:12,1
LF:5
LH:5
BRF:0
BRH:0
end_of_record
TN:
SF:server/shared/user-resources/resource.controller.js
FN:10,getCoursesByUser
FN:32,isEnrolled
FNF:2
FNH:2
FNDA:2,getCoursesByUser
FNDA:1,isEnrolled
DA:3,1
DA:5,1
DA:11,2
DA:12,2
DA:29,1
DA:33,1
DA:34,1
DA:35,1
DA:44,1
LF:9
LH:9
BRF:0
BRH:0
end_of_record
TN:
SF:server/shared/util/apiQueryParser.js
FN:7,(anonymous_0)
FN:8,(anonymous_1)
FN:9,(anonymous_2)
FN:10,(anonymous_3)
FN:11,(anonymous_4)
FN:12,(anonymous_5)
FN:13,(anonymous_6)
FN:14,(anonymous_7)
FN:15,(anonymous_8)
FN:17,(anonymous_9)
FN:21,(anonymous_10)
FN:30,parseFilter
FN:36,validateFilters
FN:40,(anonymous_13)
FNF:14
FNH:6
FNDA:0,(anonymous_0)
FNDA:0,(anonymous_1)
FNDA:0,(anonymous_2)
FNDA:0,(anonymous_3)
FNDA:0,(anonymous_4)
FNDA:0,(anonymous_5)
FNDA:0,(anonymous_6)
FNDA:0,(anonymous_7)
FNDA:1,(anonymous_8)
FNDA:1,(anonymous_9)
FNDA:1,(anonymous_10)
FNDA:1,parseFilter
FNDA:3,validateFilters
FNDA:2,(anonymous_13)
DA:3,2
DA:5,2
DA:7,2
DA:8,2
DA:9,2
DA:10,2
DA:11,2
DA:12,2
DA:13,2
DA:14,2
DA:15,2
DA:17,2
DA:18,1
DA:19,1
DA:20,1
DA:22,1
DA:24,1
DA:25,1
DA:28,2
DA:31,1
DA:32,1
DA:33,1
DA:37,3
DA:38,3
DA:39,3
DA:40,3
DA:41,2
DA:42,2
DA:44,3
LF:29
LH:29
BRDA:33,0,0,1
BRDA:33,0,1,0
BRDA:36,1,0,1
BRDA:41,2,0,0
BRDA:41,2,1,2
BRF:5
BRH:3
end_of_record
TN:
SF:server/shared/util/bodyValidatorFactory.js
FN:11,reqBodyValidatorFactory
FN:12,(anonymous_1)
FNF:2
FNH:2
FNDA:2,reqBodyValidatorFactory
FNDA:2,(anonymous_1)
DA:7,1
DA:9,1
DA:12,2
DA:13,2
DA:14,2
DA:15,1
DA:16,1
DA:17,1
DA:19,1
DA:24,1
LF:10
LH:10
BRF:0
BRH:0
end_of_record
TN:
SF:server/shared/util/isValidEmail.js
FN:3,isValidEmail
FNF:1
FNH:1
FNDA:5,isValidEmail
DA:4,5
DA:5,5
DA:8,1
LF:3
LH:3
BRF:0
BRH:0
end_of_record
TN:
SF:server/shared/util/middlewares.js
FN:6,errorHandler
FNF:1
FNH:1
FNDA:2,errorHandler
DA:3,1
DA:4,1
DA:7,2
DA:8,2
DA:9,1
DA:12,1
LF:6
LH:6
BRDA:8,0,0,1
BRDA:8,0,1,1
BRF:2
BRH:2
end_of_record
TN:
SF:server/user/user.controller.js
FN:11,create
FNF:1
FNH:1
FNDA:1,create
DA:3,1
DA:4,1
DA:5,1
DA:7,1
DA:12,1
DA:13,1
DA:14,1
DA:15,1
LF:8
LH:8
BRF:0
BRH:0
end_of_record
TN:
SF:server/user/user.model.js
FN:9,(anonymous_0)
FN:21,(anonymous_1)
FN:53,(anonymous_2)
FN:61,(anonymous_3)
FN:71,(anonymous_4)
FN:75,(anonymous_5)
FNF:6
FNH:3
FNDA:6,(anonymous_0)
FNDA:0,(anonymous_1)
FNDA:6,(anonymous_2)
FNDA:6,(anonymous_3)
FNDA:0,(anonymous_4)
FNDA:0,(anonymous_5)
DA:3,6
DA:4,6
DA:5,6
DA:6,6
DA:10,6
DA:22,0
DA:54,6
DA:62,6
DA:68,6
DA:72,0
DA:76,0
DA:77,0
DA:78,0
DA:82,6
LF:14
LH:9
BRF:0
BRH:0
end_of_record
